<?xml version="1.0" encoding="UTF-8"?>
<!-- Generated by org.testng.reporters.JUnitXMLReporter -->
<testsuite ignored="0" hostname="DESKTOP-L588LQU" failures="0" tests="4" name="test1" time="0.041" errors="0" timestamp="2026-01-02T15:19:11 IST">
  <testcase classname="shypbuddySeller1.TestClass1" name="testMethod1" time="0.007"/>
  <testcase classname="shypbuddySeller1.TestClass1" name="testMethod2" time="0.001"/>
  <testcase classname="shypbuddySeller1.TestClass1" name="testMethod3" time="0.001"/>
  <testcase classname="shypbuddySeller1.TestClass1" name="testMethod4" time="0.0"/>
</testsuite> <!-- test1 -->
