<?xml version="1.0" encoding="UTF-8"?>
<testng-results ignored="0" total="1" passed="1" failed="0" skipped="0">
  <reporter-output>
  </reporter-output>
  <suite started-at="2026-01-19T18:20:16 IST" name="Default suite" finished-at="2026-01-19T18:20:41 IST" duration-ms="24290">
    <groups>
    </groups>
    <test started-at="2026-01-19T18:20:16 IST" name="Default test" finished-at="2026-01-19T18:20:41 IST" duration-ms="24290">
      <class name="tests.SettingPageTest">
        <test-method is-config="true" signature="setUp()[pri:0, instance:tests.SettingPageTest@79079097]" started-at="2026-01-19T18:20:07 IST" name="setUp" finished-at="2026-01-19T18:20:16 IST" duration-ms="8964" status="PASS">
          <reporter-output>
          </reporter-output>
        </test-method> <!-- setUp -->
        <test-method signature="settingsFullFlowTest()[pri:0, instance:tests.SettingPageTest@79079097]" started-at="2026-01-19T18:20:16 IST" name="settingsFullFlowTest" finished-at="2026-01-19T18:20:41 IST" duration-ms="24268" status="PASS">
          <reporter-output>
          </reporter-output>
        </test-method> <!-- settingsFullFlowTest -->
        <test-method is-config="true" signature="tearDown()[pri:0, instance:tests.SettingPageTest@79079097]" started-at="2026-01-19T18:20:41 IST" name="tearDown" finished-at="2026-01-19T18:20:41 IST" duration-ms="156" status="PASS">
          <reporter-output>
          </reporter-output>
        </test-method> <!-- tearDown -->
      </class> <!-- tests.SettingPageTest -->
    </test> <!-- Default test -->
  </suite> <!-- Default suite -->
</testng-results>
