<?xml version="1.0" encoding="UTF-8"?>
<!-- Generated by org.testng.reporters.JUnitReportReporter -->
<testsuite hostname="DESKTOP-L588LQU" failures="0" tests="4" name="shypbuddySeller1.TestClass1" time="0.011" errors="0" timestamp="2026-01-02T17:11:44 IST" skipped="0">
  <testcase classname="shypbuddySeller1.TestClass1" name="testMethod2" time="0.001"/>
  <testcase classname="shypbuddySeller1.TestClass1" name="testMethod3" time="0.001"/>
  <testcase classname="shypbuddySeller1.TestClass1" name="testMethod1" time="0.008"/>
  <testcase classname="shypbuddySeller1.TestClass1" name="testMethod4" time="0.001"/>
</testsuite> <!-- shypbuddySeller1.TestClass1 -->
