<?xml version="1.0" encoding="UTF-8"?>
<!-- Generated by org.testng.reporters.JUnitReportReporter -->
<testsuite hostname="DESKTOP-L588LQU" failures="0" tests="3" name="shypbuddySeller1.TestClass2" time="0.009" errors="0" timestamp="2026-01-02T15:19:11 IST" skipped="0">
  <testcase classname="shypbuddySeller1.TestClass2" name="testMethod6" time="0.001"/>
  <testcase classname="shypbuddySeller1.TestClass2" name="testMethod5" time="0.007"/>
  <testcase classname="shypbuddySeller1.TestClass2" name="testMethod7" time="0.001"/>
</testsuite> <!-- shypbuddySeller1.TestClass2 -->
