<?xml version="1.0" encoding="UTF-8"?>
<!-- Generated by org.testng.reporters.JUnitReportReporter -->
<testsuite hostname="DESKTOP-L588LQU" failures="0" tests="4" name="shypbuddySeller1.TestAttributes" time="46.569" errors="0" timestamp="2026-01-02T16:08:54 IST" skipped="0">
  <testcase classname="shypbuddySeller1.TestAttributes" name="testMethod1" time="16.051"/>
  <testcase classname="shypbuddySeller1.TestAttributes" name="testMethod1" time="9.206"/>
  <testcase classname="shypbuddySeller1.TestAttributes" name="testMethod1" time="10.448"/>
  <testcase classname="shypbuddySeller1.TestAttributes" name="testMethod1" time="10.864"/>
</testsuite> <!-- shypbuddySeller1.TestAttributes -->
