<?xml version="1.0" encoding="UTF-8"?>
<!-- Generated by org.testng.reporters.JUnitReportReporter -->
<testsuite hostname="DESKTOP-L588LQU" failures="0" tests="4" name="shypbuddySeller1.TestClass3" time="0.003" errors="0" timestamp="2026-01-02T15:19:11 IST" skipped="0">
  <testcase classname="shypbuddySeller1.TestClass3" name="testMethod9" time="0.000"/>
  <testcase classname="shypbuddySeller1.TestClass3" name="testMethod10" time="0.002"/>
  <testcase classname="shypbuddySeller1.TestClass3" name="testMethod8" time="0.001"/>
  <testcase classname="shypbuddySeller1.TestClass3" name="testMethod11" time="0.000"/>
</testsuite> <!-- shypbuddySeller1.TestClass3 -->
